Command line:
   dff_isim_beh.exe
     -simmode  gui
     -simrunnum  0
     -socket  52737

Fri Mar 15 11:43:05 2019


 Elaboration Time: 0.03125 sec

 Current Memory Usage: 824.402 Meg

 Total Signals          : 3
 Total Nets             : 3
 Total Signal Drivers   : 1
 Total Blocks           : 2
 Total Primitive Blocks : 2
 Total Processes        : 1
 Total Traceable Variables  : 8
 Total Scalar Nets and Variables : 363
Total Line Count : 3

 Total Simulation Time: 0.0625 sec

 Current Memory Usage: 667.902 Meg

Fri Mar 15 11:44:11 2019

