Running: C:\Xilinx\14.7\ISE_DS\ISE\bin\nt\unwrapped\fuse.exe -intstyle ise -incremental -o C:/Users/Utkarsh/Documents/ISE/sipo/sipo1_isim_beh.exe -prj C:/Users/Utkarsh/Documents/ISE/sipo/sipo1_beh.prj work.sipo1 
ISim P.20131013 (signature 0x8ef4fb42)
Number of CPUs detected in this system: 8
Turning on mult-threading, number of parallel sub-compilation jobs: 16 
Determining compilation order of HDL files
Parsing VHDL file "C:/Users/Utkarsh/Documents/ISE/sipo/dff.vhd" into library work
Parsing VHDL file "C:/Users/Utkarsh/Documents/ISE/sipo/sipo1.vhd" into library work
Starting static elaboration
Completed static elaboration
Fuse Memory Usage: 161720 KB
Fuse CPU Usage: 202 ms
Compiling package standard
Compiling package std_logic_1164
Compiling architecture behavioral of entity dff [dff_default]
Compiling architecture behavioral of entity sipo1
Time Resolution for simulation is 1ps.
Compiled 5 VHDL Units
Built simulation executable C:/Users/Utkarsh/Documents/ISE/sipo/sipo1_isim_beh.exe
Fuse Memory Usage: 171548 KB
Fuse CPU Usage: 249 ms
