Command line:
   Basic_gates_isim_beh.exe
     -simmode  gui
     -simrunnum  0
     -socket  51200

Fri May 03 12:13:30 2019


 Elaboration Time: 0.046875 sec

 Current Memory Usage: 830.534 Meg

 Total Signals          : 9
 Total Nets             : 9
 Total Signal Drivers   : 7
 Total Blocks           : 2
 Total Primitive Blocks : 2
 Total Processes        : 7
 Total Traceable Variables  : 8
 Total Scalar Nets and Variables : 369
Total Line Count : 7

 Total Simulation Time: 0.09375 sec

 Current Memory Usage: 672.985 Meg

Fri May 03 12:16:38 2019

