Command line:
   b_gates_isim_beh.exe
     -simmode  gui
     -simrunnum  0
     -socket  51407

Fri May 03 12:39:54 2019


 Elaboration Time: 0.015625 sec

 Current Memory Usage: 829.878 Meg

 Total Signals          : 16
 Total Nets             : 18
 Total Signal Drivers   : 7
 Total Blocks           : 2
 Total Primitive Blocks : 2
 Total Processes        : 9
 Total Traceable Variables  : 20
 Total Scalar Nets and Variables : 100
Total Line Count : 18

 Total Simulation Time: 0.03125 sec

 Current Memory Usage: 1146.02 Meg

Fri May 03 12:40:46 2019

