Command line:
   sipo1_isim_beh.exe
     -simmode  gui
     -simrunnum  0
     -socket  50514

Thu Mar 28 11:10:02 2019


 Elaboration Time: 0.03125 sec

 Current Memory Usage: 823.632 Meg

 Total Signals          : 16
 Total Nets             : 10
 Total Signal Drivers   : 5
 Total Blocks           : 6
 Total Primitive Blocks : 5
 Total Processes        : 5
 Total Traceable Variables  : 8
 Total Scalar Nets and Variables : 370
Total Line Count : 13

 Total Simulation Time: 0.09375 sec

 Current Memory Usage: 667.132 Meg

Thu Mar 28 11:11:51 2019

