Command line:
   parity_5_bit_gen_isim_beh.exe
     -simmode  gui
     -simrunnum  0
     -socket  52122

Thu Mar 14 15:46:55 2019


 Elaboration Time: 0.046875 sec

 Current Memory Usage: 821.666 Meg

 Total Signals          : 17
 Total Nets             : 9
 Total Signal Drivers   : 4
 Total Blocks           : 6
 Total Primitive Blocks : 5
 Total Processes        : 4
 Total Traceable Variables  : 8
 Total Scalar Nets and Variables : 369
Total Line Count : 4

 Total Simulation Time: 0.0625 sec

 Current Memory Usage: 350.069 Meg

Thu Mar 14 16:34:18 2019

