Release 14.7 - xst P.20131013 (nt)
Copyright (c) 1995-2013 Xilinx, Inc.  All rights reserved.
--> Parameter TMPDIR set to xst/projnav.tmp


Total REAL time to Xst completion: 1.00 secs
Total CPU time to Xst completion: 0.61 secs
 
--> Parameter xsthdpdir set to xst


Total REAL time to Xst completion: 1.00 secs
Total CPU time to Xst completion: 0.61 secs
 
--> Reading design: using_if_generate.prj

TABLE OF CONTENTS
  1) Synthesis Options Summary
  2) HDL Compilation
  3) Design Hierarchy Analysis
  4) HDL Analysis
  5) HDL Synthesis
     5.1) HDL Synthesis Report
  6) Advanced HDL Synthesis
     6.1) Advanced HDL Synthesis Report
  7) Low Level Synthesis
  8) Partition Report
  9) Final Report
	9.1) Device utilization summary
	9.2) Partition Resource Summary
	9.3) TIMING REPORT


=========================================================================
*                      Synthesis Options Summary                        *
=========================================================================
---- Source Parameters
Input File Name                    : "using_if_generate.prj"
Input Format                       : mixed
Ignore Synthesis Constraint File   : NO

---- Target Parameters
Output File Name                   : "using_if_generate"
Output Format                      : NGC
Target Device                      : xc3s500e-5-ft256

---- Source Options
Top Module Name                    : using_if_generate
Automatic FSM Extraction           : YES
FSM Encoding Algorithm             : Auto
Safe Implementation                : No
FSM Style                          : LUT
RAM Extraction                     : Yes
RAM Style                          : Auto
ROM Extraction                     : Yes
Mux Style                          : Auto
Decoder Extraction                 : YES
Priority Encoder Extraction        : Yes
Shift Register Extraction          : YES
Logical Shifter Extraction         : YES
XOR Collapsing                     : YES
ROM Style                          : Auto
Mux Extraction                     : Yes
Resource Sharing                   : YES
Asynchronous To Synchronous        : NO
Multiplier Style                   : Auto
Automatic Register Balancing       : No

---- Target Options
Add IO Buffers                     : YES
Global Maximum Fanout              : 100000
Add Generic Clock Buffer(BUFG)     : 24
Register Duplication               : YES
Slice Packing                      : YES
Optimize Instantiated Primitives   : NO
Use Clock Enable                   : Yes
Use Synchronous Set                : Yes
Use Synchronous Reset              : Yes
Pack IO Registers into IOBs        : Auto
Equivalent register Removal        : YES

---- General Options
Optimization Goal                  : Speed
Optimization Effort                : 1
Keep Hierarchy                     : No
Netlist Hierarchy                  : As_Optimized
RTL Output                         : Yes
Global Optimization                : AllClockNets
Read Cores                         : YES
Write Timing Constraints           : NO
Cross Clock Analysis               : NO
Hierarchy Separator                : /
Bus Delimiter                      : <>
Case Specifier                     : Maintain
Slice Utilization Ratio            : 100
BRAM Utilization Ratio             : 100
Verilog 2001                       : YES
Auto BRAM Packing                  : NO
Slice Utilization Ratio Delta      : 5

=========================================================================


=========================================================================
*                          HDL Compilation                              *
=========================================================================
Compiling vhdl file "C:/Users/Utkarsh/Documents/ISE/generate/dff.vhd" in Library work.
Entity <dff> compiled.
Entity <dff> (Architecture <Behavioral>) compiled.
Compiling vhdl file "C:/Users/Utkarsh/Documents/ISE/generate/using_if_generate.vhd" in Library work.
Entity <using_if_generate> compiled.
Entity <using_if_generate> (Architecture <Behavioral>) compiled.

=========================================================================
*                     Design Hierarchy Analysis                         *
=========================================================================
Analyzing hierarchy for entity <using_if_generate> in library <work> (architecture <Behavioral>).

Analyzing hierarchy for entity <dff> in library <work> (architecture <Behavioral>).


=========================================================================
*                            HDL Analysis                               *
=========================================================================
Analyzing Entity <using_if_generate> in library <work> (Architecture <Behavioral>).
Entity <using_if_generate> analyzed. Unit <using_if_generate> generated.

Analyzing Entity <dff> in library <work> (Architecture <Behavioral>).
Entity <dff> analyzed. Unit <dff> generated.


=========================================================================
*                           HDL Synthesis                               *
=========================================================================

Performing bidirectional port resolution...

Synthesizing Unit <dff>.
    Related source file is "C:/Users/Utkarsh/Documents/ISE/generate/dff.vhd".
    Found 1-bit register for signal <dout>.
    Summary:
	inferred   1 D-type flip-flop(s).
Unit <dff> synthesized.


Synthesizing Unit <using_if_generate>.
    Related source file is "C:/Users/Utkarsh/Documents/ISE/generate/using_if_generate.vhd".
Unit <using_if_generate> synthesized.


=========================================================================
HDL Synthesis Report

Macro Statistics
# Registers                                            : 4
 1-bit register                                        : 4

=========================================================================

=========================================================================
*                       Advanced HDL Synthesis                          *
=========================================================================


=========================================================================
Advanced HDL Synthesis Report

Macro Statistics
# Registers                                            : 4
 Flip-Flops                                            : 4

=========================================================================

=========================================================================
*                         Low Level Synthesis                           *
=========================================================================

Optimizing unit <using_if_generate> ...

Mapping all equations...
Building and optimizing final netlist ...
Found area constraint ratio of 100 (+ 5) on block using_if_generate, actual ratio is 0.
FlipFlop GK[0].GK0.Dff1/dout has been replicated 1 time(s) to handle iob=true attribute.

Final Macro Processing ...

Processing Unit <using_if_generate> :
	Found 2-bit shift register for signal <GK[1].GK1_3.dff1/dout>.
Unit <using_if_generate> processed.

=========================================================================
Final Register Report

Macro Statistics
# Registers                                            : 3
 Flip-Flops                                            : 3
# Shift Registers                                      : 1
 2-bit shift register                                  : 1

=========================================================================

=========================================================================
*                           Partition Report                            *
=========================================================================

Partition Implementation Status
-------------------------------

  No Partitions were found in this design.

-------------------------------

=========================================================================
*                            Final Report                               *
=========================================================================
Final Results
RTL Top Level Output File Name     : using_if_generate.ngr
Top Level Output File Name         : using_if_generate
Output Format                      : NGC
Optimization Goal                  : Speed
Keep Hierarchy                     : No

Design Statistics
# IOs                              : 6

Cell Usage :
# BELS                             : 1
#      GND                         : 1
# FlipFlops/Latches                : 4
#      FD                          : 4
# Shift Registers                  : 1
#      SRL16                       : 1
# Clock Buffers                    : 1
#      BUFGP                       : 1
# IO Buffers                       : 5
#      IBUF                        : 1
#      OBUF                        : 4
=========================================================================

Device utilization summary:
---------------------------

Selected Device : 3s500eft256-5 

 Number of Slices:                        2  out of   4656     0%  
 Number of Slice Flip Flops:              3  out of   9312     0%  
 Number of 4 input LUTs:                  1  out of   9312     0%  
    Number used as logic:                 0
    Number used as Shift registers:       1
 Number of IOs:                           6
 Number of bonded IOBs:                   6  out of    190     3%  
    IOB Flip Flops:                       1
 Number of GCLKs:                         1  out of     24     4%  

---------------------------
Partition Resource Summary:
---------------------------

  No Partitions were found in this design.

---------------------------


=========================================================================
TIMING REPORT

NOTE: THESE TIMING NUMBERS ARE ONLY A SYNTHESIS ESTIMATE.
      FOR ACCURATE TIMING INFORMATION PLEASE REFER TO THE TRACE REPORT
      GENERATED AFTER PLACE-and-ROUTE.

Clock Information:
------------------
-----------------------------------+------------------------+-------+
Clock Signal                       | Clock buffer(FF name)  | Load  |
-----------------------------------+------------------------+-------+
clk                                | BUFGP                  | 5     |
-----------------------------------+------------------------+-------+

Asynchronous Control Signals Information:
----------------------------------------
No asynchronous control signals found in this design

Timing Summary:
---------------
Speed Grade: -5

   Minimum period: 3.492ns (Maximum Frequency: 286.369MHz)
   Minimum input arrival time before clock: 1.852ns
   Maximum output required time after clock: 4.063ns
   Maximum combinational path delay: No path found

Timing Detail:
--------------
All values displayed in nanoseconds (ns)

=========================================================================
Timing constraint: Default period analysis for Clock 'clk'
  Clock period: 3.492ns (frequency: 286.369MHz)
  Total number of paths / destination ports: 3 / 3
-------------------------------------------------------------------------
Delay:               3.492ns (Levels of Logic = 0)
  Source:            GK[1].GK1_3.dff1/Mshreg_dout (FF)
  Destination:       GK[1].GK1_3.dff1/dout (FF)
  Source Clock:      clk rising
  Destination Clock: clk rising

  Data Path: GK[1].GK1_3.dff1/Mshreg_dout to GK[1].GK1_3.dff1/dout
                                Gate     Net
    Cell:in->out      fanout   Delay   Delay  Logical Name (Net Name)
    ----------------------------------------  ------------
     SRL16:CLK->Q          1   3.224   0.000  GK[1].GK1_3.dff1/Mshreg_dout (GK[1].GK1_3.dff1/Mshreg_dout)
     FD:D                      0.268          GK[1].GK1_3.dff1/dout
    ----------------------------------------
    Total                      3.492ns (3.492ns logic, 0.000ns route)
                                       (100.0% logic, 0.0% route)

=========================================================================
Timing constraint: Default OFFSET IN BEFORE for Clock 'clk'
  Total number of paths / destination ports: 2 / 2
-------------------------------------------------------------------------
Offset:              1.852ns (Levels of Logic = 1)
  Source:            count (PAD)
  Destination:       GK[1].GK1_3.dff1/Mshreg_dout (FF)
  Destination Clock: clk rising

  Data Path: count to GK[1].GK1_3.dff1/Mshreg_dout
                                Gate     Net
    Cell:in->out      fanout   Delay   Delay  Logical Name (Net Name)
    ----------------------------------------  ------------
     IBUF:I->O             2   1.106   0.380  count_IBUF (count_IBUF)
     SRL16:D                   0.366          GK[1].GK1_3.dff1/Mshreg_dout
    ----------------------------------------
    Total                      1.852ns (1.472ns logic, 0.380ns route)
                                       (79.5% logic, 20.5% route)

=========================================================================
Timing constraint: Default OFFSET OUT AFTER for Clock 'clk'
  Total number of paths / destination ports: 4 / 4
-------------------------------------------------------------------------
Offset:              4.063ns (Levels of Logic = 1)
  Source:            GK[1].GK1_3.dff1/dout (FF)
  Destination:       Q<1> (PAD)
  Source Clock:      clk rising

  Data Path: GK[1].GK1_3.dff1/dout to Q<1>
                                Gate     Net
    Cell:in->out      fanout   Delay   Delay  Logical Name (Net Name)
    ----------------------------------------  ------------
     FD:C->Q               2   0.514   0.380  GK[1].GK1_3.dff1/dout (GK[1].GK1_3.dff1/dout)
     OBUF:I->O                 3.169          Q_1_OBUF (Q<1>)
    ----------------------------------------
    Total                      4.063ns (3.683ns logic, 0.380ns route)
                                       (90.6% logic, 9.4% route)

=========================================================================


Total REAL time to Xst completion: 4.00 secs
Total CPU time to Xst completion: 3.41 secs
 
--> 

Total memory usage is 238948 kilobytes

Number of errors   :    0 (   0 filtered)
Number of warnings :    0 (   0 filtered)
Number of infos    :    0 (   0 filtered)

