Command line:
   basic_gates_isim_beh.exe
     -simmode  gui
     -simrunnum  0
     -socket  51009

Fri Apr 19 18:44:05 2019


 Elaboration Time: 0.03125 sec

 Current Memory Usage: 821.551 Meg

 Total Signals          : 16
 Total Nets             : 16
 Total Signal Drivers   : 6
 Total Blocks           : 2
 Total Primitive Blocks : 2
 Total Processes        : 7
 Total Traceable Variables  : 18
 Total Scalar Nets and Variables : 96
Total Line Count : 15

 Total Simulation Time: 0.046875 sec

 Current Memory Usage: 821.551 Meg

Fri Apr 19 18:44:21 2019

