Command line:
   binadder_4bit_isim_beh.exe
     -simmode  gui
     -simrunnum  0
     -socket  61902

Fri May 03 00:20:39 2019


 Elaboration Time: 0.140625 sec

 Current Memory Usage: 830.468 Meg

 Total Signals          : 98
 Total Nets             : 51
 Total Signal Drivers   : 26
 Total Blocks           : 22
 Total Primitive Blocks : 13
 Total Processes        : 18
 Total Traceable Variables  : 12
 Total Scalar Nets and Variables : 415
Total Line Count : 26

 Total Simulation Time: 0.15625 sec

 Current Memory Usage: 672.92 Meg

Fri May 03 00:22:07 2019

