Running: C:\Xilinx\14.7\ISE_DS\ISE\bin\nt\unwrapped\fuse.exe -intstyle ise -incremental -o C:/Users/Utkarsh/Documents/ISE/parity_5_bit/parity_5_bit_gen_isim_beh.exe -prj C:/Users/Utkarsh/Documents/ISE/parity_5_bit/parity_5_bit_gen_beh.prj work.parity_5_bit_gen 
ISim P.20131013 (signature 0x8ef4fb42)
Number of CPUs detected in this system: 8
Turning on mult-threading, number of parallel sub-compilation jobs: 16 
Determining compilation order of HDL files
Parsing VHDL file "C:/Users/Utkarsh/Documents/ISE/parity_5_bit/xor1.vhd" into library work
Parsing VHDL file "C:/Users/Utkarsh/Documents/ISE/parity_5_bit/parity_5_bit_gen.vhd" into library work
Starting static elaboration
Completed static elaboration
Fuse Memory Usage: 161160 KB
Fuse CPU Usage: 249 ms
Compiling package standard
Compiling package std_logic_1164
Compiling architecture behavioral of entity xor1 [xor1_default]
Compiling architecture behavioral of entity parity_5_bit_gen
Time Resolution for simulation is 1ps.
Waiting for 1 sub-compilation(s) to finish...
Compiled 5 VHDL Units
Built simulation executable C:/Users/Utkarsh/Documents/ISE/parity_5_bit/parity_5_bit_gen_isim_beh.exe
Fuse Memory Usage: 172012 KB
Fuse CPU Usage: 264 ms
