Command line:
   tb_isim_beh.exe
     -simmode  gui
     -simrunnum  0
     -socket  54266

Mon Apr 01 16:13:33 2019


 Elaboration Time: 0.046875 sec

 Current Memory Usage: 819.728 Meg

 Total Signals          : 79
 Total Nets             : 104
 Total Signal Drivers   : 33
 Total Blocks           : 17
 Total Primitive Blocks : 15
 Total Processes        : 33
 Total Traceable Variables  : 37
 Total Scalar Nets and Variables : 594
Total Line Count : 41

 Total Simulation Time: 0.0625 sec

 Current Memory Usage: 1134.83 Meg

Mon Apr 01 16:14:26 2019

