Running: C:\Xilinx\14.7\ISE_DS\ISE\bin\nt\unwrapped\fuse.exe -intstyle ise -incremental -o C:/Users/Utkarsh/Documents/ISE/diffft_8point/tb_isim_beh.exe -prj C:/Users/Utkarsh/Documents/ISE/diffft_8point/tb_beh.prj work.tb 
ISim P.20131013 (signature 0x8ef4fb42)
Number of CPUs detected in this system: 8
Turning on mult-threading, number of parallel sub-compilation jobs: 16 
Determining compilation order of HDL files
Parsing VHDL file "C:/Users/Utkarsh/Documents/ISE/diffft_8point/fft_pkg_dif.vhd" into library work
Parsing VHDL file "C:/Users/Utkarsh/Documents/ISE/diffft_8point/butterfly.vhd" into library work
Parsing VHDL file "C:/Users/Utkarsh/Documents/ISE/diffft_8point/fft_8_dif.vhd" into library work
Parsing VHDL file "C:/Users/Utkarsh/Documents/ISE/diffft_8point/tb_fft8_dif.vhd" into library work
Starting static elaboration
Completed static elaboration
Fuse Memory Usage: 161592 KB
Fuse CPU Usage: 421 ms
Compiling package standard
Compiling package std_logic_1164
Compiling package math_real
Compiling package fft_pkg_dif
Compiling architecture behavioral of entity butterfly [butterfly_default]
Compiling architecture behavioral of entity fft_8_dif [fft_8_dif_default]
Compiling architecture behavior of entity tb
Time Resolution for simulation is 1ps.
Waiting for 1 sub-compilation(s) to finish...
Compiled 9 VHDL Units
Built simulation executable C:/Users/Utkarsh/Documents/ISE/diffft_8point/tb_isim_beh.exe
Fuse Memory Usage: 176796 KB
Fuse CPU Usage: 765 ms
