Command line:
   butterfly_isim_beh.exe
     -simmode  gui
     -simrunnum  0
     -socket  54370

Fri Mar 29 21:00:27 2019


 Elaboration Time: 0.0625 sec

 Current Memory Usage: 822.059 Meg

 Total Signals          : 6
 Total Nets             : 12
 Total Signal Drivers   : 3
 Total Blocks           : 4
 Total Primitive Blocks : 4
 Total Processes        : 3
 Total Traceable Variables  : 36
 Total Scalar Nets and Variables : 494
Total Line Count : 3

 Total Simulation Time: 0.09375 sec

 Current Memory Usage: 822.059 Meg

Fri Mar 29 21:00:36 2019

